<?xml version="1.0" encoding="UTF-8"?>
<testsuite xmlns:xsi="http://www.w3.org/2001/XMLSchema-instance" xsi:noNamespaceSchemaLocation="https://maven.apache.org/surefire/maven-surefire-plugin/xsd/surefire-test-report.xsd" name="com.pxp.SQLite.demo.SpringBootAndSqLiteApplicationTests" time="0.29" tests="1" errors="1" skipped="0" failures="0">
  <properties>
[...]
</properties>
  <testcase name="com.pxp.SQLite.demo.SpringBootAndSqLiteApplicationTests" classname="com.pxp.SQLite.demo.SpringBootAndSqLiteApplicationTests" time="0.289">
    <error message="Unable to find a @SpringBootConfiguration, you need to use @ContextConfiguration or @SpringBootTest(classes=...) with your test" type="java.lang.IllegalStateException">java.lang.IllegalStateException: Unable to find a @SpringBootConfiguration, you need to use @ContextConfiguration or @SpringBootTest(classes=...) with your test
</error>
    <system-out><![CDATA[15:42:20.324 [main] DEBUG org.springframework.test.context.BootstrapUtils - Instantiating CacheAwareContextLoaderDelegate from class [org.springframework.test.context.cache.DefaultCacheAwareContextLoaderDelegate]
15:42:20.342 [main] DEBUG org.springframework.test.context.BootstrapUtils - Instantiating BootstrapContext using constructor [public org.springframework.test.context.support.DefaultBootstrapContext(java.lang.Class,org.springframework.test.context.CacheAwareContextLoaderDelegate)]
15:42:20.379 [main] DEBUG org.springframework.test.context.BootstrapUtils - Instantiating TestContextBootstrapper for test class [com.pxp.SQLite.demo.SpringBootAndSqLiteApplicationTests] from class [org.springframework.boot.test.context.SpringBootTestContextBootstrapper]
15:42:20.394 [main] INFO org.springframework.boot.test.context.SpringBootTestContextBootstrapper - Neither @ContextConfiguration nor @ContextHierarchy found for test class [com.pxp.SQLite.demo.SpringBootAndSqLiteApplicationTests], using SpringBootContextLoader
15:42:20.398 [main] DEBUG org.springframework.test.context.support.AbstractContextLoader - Did not detect default resource location for test class [com.pxp.SQLite.demo.SpringBootAndSqLiteApplicationTests]: class path resource [com/pxp/SQLite/demo/SpringBootAndSqLiteApplicationTests-context.xml] does not exist
15:42:20.399 [main] DEBUG org.springframework.test.context.support.AbstractContextLoader - Did not detect default resource location for test class [com.pxp.SQLite.demo.SpringBootAndSqLiteApplicationTests]: class path resource [com/pxp/SQLite/demo/SpringBootAndSqLiteApplicationTestsContext.groovy] does not exist
15:42:20.399 [main] INFO org.springframework.test.context.support.AbstractContextLoader - Could not detect default resource locations for test class [com.pxp.SQLite.demo.SpringBootAndSqLiteApplicationTests]: no resource found for suffixes {-context.xml, Context.groovy}.
15:42:20.400 [main] INFO org.springframework.test.context.support.AnnotationConfigContextLoaderUtils - Could not detect default configuration classes for test class [com.pxp.SQLite.demo.SpringBootAndSqLiteApplicationTests]: SpringBootAndSqLiteApplicationTests does not declare any static, non-private, non-final, nested classes annotated with @Configuration.
15:42:20.446 [main] DEBUG org.springframework.test.context.support.ActiveProfilesUtils - Could not find an 'annotation declaring class' for annotation type [org.springframework.test.context.ActiveProfiles] and class [com.pxp.SQLite.demo.SpringBootAndSqLiteApplicationTests]
15:42:20.504 [main] DEBUG org.springframework.test.context.BootstrapUtils - Instantiating CacheAwareContextLoaderDelegate from class [org.springframework.test.context.cache.DefaultCacheAwareContextLoaderDelegate]
15:42:20.505 [main] DEBUG org.springframework.test.context.BootstrapUtils - Instantiating BootstrapContext using constructor [public org.springframework.test.context.support.DefaultBootstrapContext(java.lang.Class,org.springframework.test.context.CacheAwareContextLoaderDelegate)]
15:42:20.506 [main] DEBUG org.springframework.test.context.BootstrapUtils - Instantiating TestContextBootstrapper for test class [com.pxp.SQLite.demo.SpringBootAndSqLiteApplicationTests] from class [org.springframework.boot.test.context.SpringBootTestContextBootstrapper]
15:42:20.506 [main] INFO org.springframework.boot.test.context.SpringBootTestContextBootstrapper - Neither @ContextConfiguration nor @ContextHierarchy found for test class [com.pxp.SQLite.demo.SpringBootAndSqLiteApplicationTests], using SpringBootContextLoader
15:42:20.507 [main] DEBUG org.springframework.test.context.support.AbstractContextLoader - Did not detect default resource location for test class [com.pxp.SQLite.demo.SpringBootAndSqLiteApplicationTests]: class path resource [com/pxp/SQLite/demo/SpringBootAndSqLiteApplicationTests-context.xml] does not exist
15:42:20.507 [main] DEBUG org.springframework.test.context.support.AbstractContextLoader - Did not detect default resource location for test class [com.pxp.SQLite.demo.SpringBootAndSqLiteApplicationTests]: class path resource [com/pxp/SQLite/demo/SpringBootAndSqLiteApplicationTestsContext.groovy] does not exist
15:42:20.508 [main] INFO org.springframework.test.context.support.AbstractContextLoader - Could not detect default resource locations for test class [com.pxp.SQLite.demo.SpringBootAndSqLiteApplicationTests]: no resource found for suffixes {-context.xml, Context.groovy}.
15:42:20.508 [main] INFO org.springframework.test.context.support.AnnotationConfigContextLoaderUtils - Could not detect default configuration classes for test class [com.pxp.SQLite.demo.SpringBootAndSqLiteApplicationTests]: SpringBootAndSqLiteApplicationTests does not declare any static, non-private, non-final, nested classes annotated with @Configuration.
15:42:20.510 [main] DEBUG org.springframework.test.context.support.ActiveProfilesUtils - Could not find an 'annotation declaring class' for annotation type [org.springframework.test.context.ActiveProfiles] and class [com.pxp.SQLite.demo.SpringBootAndSqLiteApplicationTests]
15:42:20.529 [main] DEBUG org.springframework.test.context.BootstrapUtils - Instantiating CacheAwareContextLoaderDelegate from class [org.springframework.test.context.cache.DefaultCacheAwareContextLoaderDelegate]
15:42:20.529 [main] DEBUG org.springframework.test.context.BootstrapUtils - Instantiating BootstrapContext using constructor [public org.springframework.test.context.support.DefaultBootstrapContext(java.lang.Class,org.springframework.test.context.CacheAwareContextLoaderDelegate)]
15:42:20.529 [main] DEBUG org.springframework.test.context.BootstrapUtils - Instantiating TestContextBootstrapper for test class [com.pxp.SQLite.demo.SpringBootAndSqLiteApplicationTests] from class [org.springframework.boot.test.context.SpringBootTestContextBootstrapper]
15:42:20.529 [main] INFO org.springframework.boot.test.context.SpringBootTestContextBootstrapper - Neither @ContextConfiguration nor @ContextHierarchy found for test class [com.pxp.SQLite.demo.SpringBootAndSqLiteApplicationTests], using SpringBootContextLoader
15:42:20.530 [main] DEBUG org.springframework.test.context.support.AbstractContextLoader - Did not detect default resource location for test class [com.pxp.SQLite.demo.SpringBootAndSqLiteApplicationTests]: class path resource [com/pxp/SQLite/demo/SpringBootAndSqLiteApplicationTests-context.xml] does not exist
15:42:20.530 [main] DEBUG org.springframework.test.context.support.AbstractContextLoader - Did not detect default resource location for test class [com.pxp.SQLite.demo.SpringBootAndSqLiteApplicationTests]: class path resource [com/pxp/SQLite/demo/SpringBootAndSqLiteApplicationTestsContext.groovy] does not exist
15:42:20.530 [main] INFO org.springframework.test.context.support.AbstractContextLoader - Could not detect default resource locations for test class [com.pxp.SQLite.demo.SpringBootAndSqLiteApplicationTests]: no resource found for suffixes {-context.xml, Context.groovy}.
15:42:20.530 [main] INFO org.springframework.test.context.support.AnnotationConfigContextLoaderUtils - Could not detect default configuration classes for test class [com.pxp.SQLite.demo.SpringBootAndSqLiteApplicationTests]: SpringBootAndSqLiteApplicationTests does not declare any static, non-private, non-final, nested classes annotated with @Configuration.
15:42:20.533 [main] DEBUG org.springframework.test.context.support.ActiveProfilesUtils - Could not find an 'annotation declaring class' for annotation type [org.springframework.test.context.ActiveProfiles] and class [com.pxp.SQLite.demo.SpringBootAndSqLiteApplicationTests]
]]></system-out>
  </testcase>
</testsuite>